<logs>
<log>

<question><date>2024-04-07</date><time>17:39:27</time><text>почему</text><place>main</place></question>

<answer><date>2024-04-07</date><time>17:39:27</time><text> a intent b</text><place>main</place></answer>

</log>

<log>

<question><date>2024-04-07</date><time>17:39:39</time><text>зачем</text><place>main</place></question>

<answer><date>2024-04-07</date><time>17:39:39</time><text> a intent b</text><place>main</place></answer>

</log>

<log>

<question><date>2024-04-09</date><time>17:20:26</time><text>привет ты лох </text><place>main</place></question>

<answer><date>2024-04-09</date><time>17:20:26</time><text /><place>main</place></answer>

</log>

<log>

</log>

<log>

</log>

<log>

<question><date>2024-05-24</date><time>20:39:25</time><text>ццаыа</text><place>срок_приема_подготовки</place></question>

<answer><date>2024-05-24</date><time>20:39:25</time><text /><place>срок_приема_подготовки</place></answer>

</log>

<log>

</log>

<log>

</log>

<log>

<question><date>2024-06-15</date><time>23:36:38</time><text>готов  </text><place>Нет</place></question>

<answer><date>2024-06-15</date><time>23:36:38</time><text>Мои соболезнования  Я не нашел ответа на ваш вопрос </text><place>проверка_направлений</place></answer>

<question><date>2024-06-15</date><time>23:36:41</time><text>исправлен </text><place>Нет</place></question>

<answer><date>2024-06-15</date><time>23:36:41</time><text>Мои соболезнования  Я не нашел ответа на ваш вопрос </text><place>проверка_направлений</place></answer>

</log>

<log>

<question><date>2024-06-19</date><time>16:42:12</time><text>fdsgdfg</text><place>Нет</place></question>

<answer><date>2024-06-19</date><time>16:42:12</time><text>Мои соболезнования  Я не нашел ответа на ваш вопрос </text><place>проверка_направлений</place></answer>

</log>

<log>

<question><date>2024-06-27</date><time>13:49:23</time><intent>балл</intent><intent>направление</intent><text>почему</text><place>проверка_балла_направления</place></question>

<answer><date>2024-06-27</date><time>13:49:23</time><text>Не получилось найти ответ  найдены </text><intent>балл</intent><text>  None</text><intent>направление</intent><text>  None </text><place>проверка_балла_направления</place></answer>

</log>
<log>
<question><date>2024-06-28</date><time>23:32:39</time><text>дисциплина 01 03 02</text><intent>балл</intent><text>75</text><place>проверка_направлений</place></question>

<answer><date>2024-06-28</date><time>23:32:39</time><text>Не найден ответ в main </text><place>проверка_направлений</place></answer>

</log>
</logs>