<logs>
<log>

<question><date>2024-06-27</date><time>01:13:26</time><text>почему не ищем </text><place>Нет</place></question>

</log>

<log>

<question><date>2024-06-27</date><time>02:03:31</time><text>v zxv</text><place>Нет</place></question>

</log>

<log>

<question><date>2024-06-27</date><time>07:53:17</time><text>приветик</text><place>Нет</place></question>

<answer><date>2024-06-27</date><time>07:53:17</time><text>Мои соболезнования  Я не нашел ответа на ваш вопрос </text><place>проверка_направлений</place></answer>

</log>

<log>

<question><date>2024-06-27</date><time>07:58:00</time><text>работает ли nf</text><place>Нет</place></question>

<answer><date>2024-06-27</date><time>07:58:01</time><text>Мои соболезнования  Я не нашел ответа на ваш вопрос </text><place>проверка_направлений</place></answer>

</log>

<log>

<question><date>2024-06-27</date><time>08:17:35</time><text>почему</text><place>Нет</place></question>

<answer><date>2024-06-27</date><time>08:17:35</time><text>Мои соболезнования  Я не нашел ответа на ваш вопрос </text><place>проверка_направлений</place></answer>

</log>
<log>
<question><date>2024-07-01</date><time>22:38:59</time><intent>направление подготовки</intent><value>прикладная математика и информатика</value><text>в</text><value>2020</value><intent>году</intent><text>какой имела проходной балл </text><place>проверка_балла_направления</place></question>

<answer><date>2024-07-01</date><time>22:38:59</time><text><intent>проходной балл</intent> для</text>направления подготовка <text>['прикладной математика информатика'] - проходной балл </text><place>Нет</place></answer>

</log>
</logs>