<question><date>2024-06-29</date><time>20:46:22</time><intent>направление</intent><text>инженерия имеет</text><intent>балл</intent><text /><place>проверка_балла_направления</place></question>

<question><date>2024-06-29</date><time>20:46:22</time><intent>направление</intent><text>инженерия имеет</text><intent>балл</intent><text /><place>проверка_балла_направления</place></question>

<question><date>2024-06-29</date><time>20:46:22</time><text>какой</text><intent>балл</intent><text>у курс 3 </text><place>проверка_направлений</place></question>

<question><date>2024-06-29</date><time>20:46:22</time><text> </text><place>Нет</place></question>

<question><date>2024-06-29</date><time>20:46:23</time><text>яысс </text><place>Нет</place></question>

<question><date>2024-06-29</date><time>20:46:23</time><intent>балл</intent><intent>направление</intent><text>почему </text><place>проверка_балла_направления</place></question>

<question><date>2024-06-29</date><time>20:46:23</time><intent>направление</intent><intent>балл</intent><value>200</value><text /><place>проверка_балла_направления</place></question>

<question><date>2024-06-29</date><time>20:46:23</time><intent>направление</intent><intent>балл</intent><value>200</value><text /><place>проверка_балла_направления</place></question>

<question><date>2024-06-29</date><time>20:49:19</time><intent>направление</intent><text>инженерия имеет</text><intent>балл</intent><text /><place>проверка_балла_направления</place></question>

<question><date>2024-06-29</date><time>20:49:19</time><intent>направление</intent><text>инженерия имеет</text><intent>балл</intent><text /><place>проверка_балла_направления</place></question>

<question><date>2024-06-29</date><time>20:49:19</time><text>какой</text><intent>балл</intent><text>у курс 3 </text><place>проверка_направлений</place></question>

<question><date>2024-06-29</date><time>20:49:20</time><text> </text><place>Нет</place></question>

<question><date>2024-06-29</date><time>20:49:20</time><text>яысс </text><place>Нет</place></question>

<question><date>2024-06-29</date><time>20:49:20</time><intent>балл</intent><intent>направление</intent><text>почему </text><place>проверка_балла_направления</place></question>

<question><date>2024-06-29</date><time>20:49:20</time><intent>направление</intent><intent>балл</intent><value>200</value><text /><place>проверка_балла_направления</place></question>

<question><date>2024-06-29</date><time>20:49:20</time><intent>направление</intent><intent>балл</intent><value>200</value><text /><place>проверка_балла_направления</place></question>

<question><date>2024-06-29</date><time>21:00:08</time><intent>направление</intent><text>инженерия имеет</text><intent>балл</intent><text /><place>проверка_балла_направления</place></question>

<question><date>2024-06-29</date><time>21:00:08</time><intent>направление</intent><text>инженерия имеет</text><intent>балл</intent><text /><place>проверка_балла_направления</place></question>

<question><date>2024-06-29</date><time>21:00:08</time><text>какой</text><intent>балл</intent><text>у курс 3 </text><place>проверка_направлений</place></question>

<question><date>2024-06-29</date><time>21:00:08</time><text> </text><place>Нет</place></question>

<question><date>2024-06-29</date><time>21:00:08</time><text>яысс </text><place>Нет</place></question>

<question><date>2024-06-29</date><time>21:00:09</time><intent>балл</intent><intent>направление</intent><text>почему </text><place>проверка_балла_направления</place></question>

<question><date>2024-06-29</date><time>21:00:09</time><intent>направление</intent><intent>балл</intent><value>200</value><text /><place>проверка_балла_направления</place></question>

<question><date>2024-06-29</date><time>21:00:09</time><intent>направление</intent><intent>балл</intent><value>200</value><text /><place>проверка_балла_направления</place></question>

<question><date>2024-06-29</date><time>21:15:15</time><intent>направление</intent><text>инженерия имеет</text><intent>балл</intent><text /><place>проверка_балла_направления</place></question>

<question><date>2024-06-29</date><time>21:15:15</time><intent>направление</intent><text>инженерия имеет</text><intent>балл</intent><text /><place>проверка_балла_направления</place></question>

<question><date>2024-06-29</date><time>21:15:15</time><text>какой</text><intent>балл</intent><text>у курс 3 </text><place>проверка_направлений</place></question>

<question><date>2024-06-29</date><time>21:15:15</time><text> </text><place>Нет</place></question>

<question><date>2024-06-29</date><time>21:15:15</time><text>яысс </text><place>Нет</place></question>

<question><date>2024-06-29</date><time>21:15:16</time><intent>балл</intent><intent>направление</intent><text>почему </text><place>проверка_балла_направления</place></question>

<question><date>2024-06-29</date><time>21:15:16</time><intent>направление</intent><intent>балл</intent><value>200</value><text /><place>проверка_балла_направления</place></question>

<question><date>2024-06-29</date><time>21:15:16</time><intent>направление</intent><intent>балл</intent><value>200</value><text /><place>проверка_балла_направления</place></question>

<question><date>2024-06-29</date><time>21:26:36</time><intent>направление</intent><text>инженерия имеет</text><intent>балл</intent><text /><place>проверка_балла_направления</place></question>

<question><date>2024-06-29</date><time>21:26:36</time><intent>направление</intent><text>инженерия имеет</text><intent>балл</intent><text /><place>проверка_балла_направления</place></question>

<question><date>2024-06-29</date><time>21:26:37</time><text>какой</text><intent>балл</intent><text>у курс 3 </text><place>проверка_направлений</place></question>

<question><date>2024-06-29</date><time>21:26:37</time><text> </text><place>Нет</place></question>

<question><date>2024-06-29</date><time>21:26:37</time><text>яысс </text><place>Нет</place></question>

<question><date>2024-06-29</date><time>21:26:37</time><intent>балл</intent><intent>направление</intent><text>почему </text><place>проверка_балла_направления</place></question>

<question><date>2024-06-29</date><time>21:26:37</time><intent>направление</intent><intent>балл</intent><value>200</value><text /><place>проверка_балла_направления</place></question>

<question><date>2024-06-29</date><time>21:26:38</time><intent>направление</intent><intent>балл</intent><value>200</value><text /><place>проверка_балла_направления</place></question>

<question><date>2024-06-29</date><time>22:25:06</time><text>napravlenie инженерия имеет</text><intent>балл</intent><text /><place>проверка_направлений</place></question>

<question><date>2024-06-29</date><time>22:25:06</time><text>какой</text><intent>балл</intent><text>у курс 3 </text><place>проверка_направлений</place></question>

<question><date>2024-06-29</date><time>22:25:06</time><text> </text><place>Нет</place></question>

<question><date>2024-06-29</date><time>22:25:06</time><text>яысс </text><place>Нет</place></question>

<question><date>2024-06-29</date><time>22:25:07</time><intent>балл</intent><intent>направление</intent><text>почему </text><place>проверка_балла_направления</place></question>

<question><date>2024-06-29</date><time>22:25:07</time><intent>направление</intent><intent>балл</intent><value>200</value><text /><place>проверка_балла_направления</place></question>

<question><date>2024-06-29</date><time>22:25:07</time><intent>направление</intent><intent>балл</intent><value>200</value><text /><place>проверка_балла_направления</place></question>

<question><date>2024-06-29</date><time>22:32:44</time><text>napravlenie инженерия имеет</text><intent>балл</intent><text /><place>проверка_направлений</place></question>

<question><date>2024-06-29</date><time>22:32:44</time><text>какой</text><intent>балл</intent><text>у курс 3 </text><place>проверка_направлений</place></question>

<question><date>2024-06-29</date><time>22:32:44</time><text> </text><place>Нет</place></question>

<question><date>2024-06-29</date><time>22:32:44</time><text>яысс </text><place>Нет</place></question>

<question><date>2024-06-29</date><time>22:32:45</time><intent>балл</intent><intent>направление</intent><text>почему </text><place>проверка_балла_направления</place></question>

<question><date>2024-06-29</date><time>22:32:45</time><intent>направление</intent><intent>балл</intent><value>200</value><text /><place>проверка_балла_направления</place></question>

<question><date>2024-06-29</date><time>22:32:45</time><intent>направление</intent><intent>балл</intent><value>200</value><text /><place>проверка_балла_направления</place></question>

